#
# There is insufficient memory for the Java Runtime Environment to continue.
# Cannot create worker GC thread. Out of system resources.
# Possible reasons:
#   The system is out of physical RAM or swap space
#   The process is running with CompressedOops enabled, and the Java Heap may be blocking the growth of the native heap
# Possible solutions:
#   Reduce memory load on the system
#   Increase physical memory or swap space
#   Check if swap backing store is full
#   Decrease Java heap size (-Xmx/-Xms)
#   Decrease number of Java threads
#   Decrease Java thread stack sizes (-Xss)
#   Set larger code cache with -XX:ReservedCodeCacheSize=
#   JVM is running with Zero Based Compressed Oops mode in which the Java heap is
#     placed in the first 32GB address space. The Java Heap base address is the
#     maximum limit for the native heap growth. Please use -XX:HeapBaseMinAddress
#     to set the Java Heap base and to place the Java Heap above 32GB virtual address.
# This output file may be truncated or incomplete.
#
#  Out of Memory Error (workerManager.hpp:87), pid=19166, tid=19166
#
# JRE version:  (17.0.9+9) (build )
# Java VM: OpenJDK 64-Bit Server VM (17.0.9+9-Ubuntu-122.04, mixed mode, sharing, tiered, compressed oops, compressed class ptrs, g1 gc, linux-amd64)
# Core dump will be written. Default location: Core dumps may be processed with "/usr/share/apport/apport -p%p -s%s -c%c -d%d -P%P -u%u -g%g -- %E" (or dumping to /home/bqrry/Desktop/ProblemSubmission/judge/runner/core.19166)
#

---------------  S U M M A R Y ------------

Command Line: Main

Host: Intel(R) Core(TM) i7-9750H CPU @ 2.60GHz, 12 cores, 31G, Ubuntu 22.04.3 LTS
Time: Tue Jan  2 17:25:17 2024 EET elapsed time: 0.010822 seconds (0d 0h 0m 0s)

---------------  T H R E A D  ---------------

Current thread (0x00005608981cf870):  JavaThread "Unknown thread" [_thread_in_vm, id=19166, stack(0x00007ffd4668f000,0x00007ffd46e8d000)]

Stack: [0x00007ffd4668f000,0x00007ffd46e8d000],  sp=0x00007ffd46e87cf0,  free space=8163k
Native frames: (J=compiled Java code, j=interpreted, Vv=VM code, C=native code)
V  [libjvm.so+0xf324a5]  VMError::report_and_die(int, char const*, char const*, __va_list_tag*, Thread*, unsigned char*, void*, void*, char const*, int, unsigned long)+0x175
V  [libjvm.so+0xf33011]  VMError::report_and_die(Thread*, char const*, int, unsigned long, VMErrorType, char const*, __va_list_tag*)+0x31
V  [libjvm.so+0x612320]  report_vm_out_of_memory(char const*, int, unsigned long, VMErrorType, char const*, ...)+0xe0
V  [libjvm.so+0xf669af]  WorkerManager::add_workers(WorkGang*, unsigned int, unsigned int, unsigned int, os::ThreadType, bool)+0x18f
V  [libjvm.so+0xf66b6d]  WorkGang::initialize_workers()+0x4d
V  [libjvm.so+0x6fb861]  G1CollectedHeap::initialize()+0x6c1
V  [libjvm.so+0xedd3c6]  universe_init()+0xd6
V  [libjvm.so+0x80eaab]  init_globals()+0x3b
V  [libjvm.so+0xeb31b6]  Threads::create_vm(JavaVMInitArgs*, bool*)+0x386
V  [libjvm.so+0x8de835]  JNI_CreateJavaVM+0x55
C  [libjli.so+0x3d43]  JavaMain+0x93
C  [libjli.so+0x8bc8]  CallJavaMainInNewThread+0x98
C  [libjli.so+0x5c81]  ContinueInNewThread+0x61
C  [libjli.so+0x72da]  JLI_Launch+0x144a
C  [java+0x12b4]


---------------  P R O C E S S  ---------------

Threads class SMR info:
_java_thread_list=0x00007f08f0f71840, length=0, elements={
}

Java Threads: ( => current thread )

Other Threads:

[error occurred during error reporting (printing all threads), id 0xb, SIGSEGV (0xb) at pc=0x00007f08f0308124]

VM state: not at safepoint (not fully initialized)

VM Mutex/Monitor currently owned by a thread:  ([mutex/lock_event])
[0x00005608981cd140] Heap_lock - owner thread: 0x00005608981cf870

Heap address: 0x000000060c000000, size: 8000 MB, Compressed Oops mode: Zero based, Oop shift amount: 3

CDS archive(s) mapped at: [0x0000000000000000-0x0000000000000000-0x0000000000000000), size 0, SharedBaseAddress: 0x0000000800000000, ArchiveRelocationMode: 1.
Narrow klass base: 0x0000000000000000, Narrow klass shift: 0, Narrow klass range: 0x0

GC Precious Log:
<Empty>

Heap:
 garbage-first heap   total 0K, used 0K [0x000000060c000000, 0x0000000800000000)
  region size 4096K, 0 young (0K), 0 survivors (0K)

[error occurred during error reporting (printing heap information), id 0xb, SIGSEGV (0xb) at pc=0x00007f08f08e13be]

GC Heap History (0 events):
No events

Dll operation events (1 events):
Event: 0.007 Loaded shared library /usr/lib/jvm/java-17-openjdk-amd64/lib/libjava.so

Deoptimization events (0 events):
No events

Classes unloaded (0 events):
No events

Classes redefined (0 events):
No events

Internal exceptions (0 events):
No events

VM Operations (0 events):
No events

Events (1 events):
Event: 0.006 Protecting memory [0x00007ffd4668f000,0x00007ffd46693000] with protection modes 0


Dynamic libraries:
60c000000-800000000 ---p 00000000 00:00 0 
560897872000-560897873000 r--p 00000000 08:02 3163532                    /usr/lib/jvm/java-17-openjdk-amd64/bin/java
560897873000-560897874000 r-xp 00001000 08:02 3163532                    /usr/lib/jvm/java-17-openjdk-amd64/bin/java
560897874000-560897875000 r--p 00002000 08:02 3163532                    /usr/lib/jvm/java-17-openjdk-amd64/bin/java
560897875000-560897876000 r--p 00002000 08:02 3163532                    /usr/lib/jvm/java-17-openjdk-amd64/bin/java
560897876000-560897877000 rw-p 00003000 08:02 3163532                    /usr/lib/jvm/java-17-openjdk-amd64/bin/java
560898193000-560898220000 rw-p 00000000 00:00 0                          [heap]
7f08c5349000-7f08c572a000 rw-p 00000000 00:00 0 
7f08c572a000-7f08c572b000 ---p 00000000 00:00 0 
7f08c572b000-7f08c582b000 rw-p 00000000 00:00 0 
7f08c582b000-7f08d810b000 ---p 00000000 00:00 0 
7f08d810b000-7f08d8b1a000 rw-p 00000000 00:00 0 
7f08d8b1a000-7f08d8c00000 ---p 00000000 00:00 0 
7f08d8c00000-7f08d8e70000 rwxp 00000000 00:00 0 
7f08d8e70000-7f08e0137000 ---p 00000000 00:00 0 
7f08e0137000-7f08e03a7000 rwxp 00000000 00:00 0 
7f08e03a7000-7f08e06c9000 ---p 00000000 00:00 0 
7f08e06c9000-7f08e0939000 rwxp 00000000 00:00 0 
7f08e0939000-7f08e7c00000 ---p 00000000 00:00 0 
7f08e7c00000-7f08ef668000 r--s 00000000 08:02 3163681                    /usr/lib/jvm/java-17-openjdk-amd64/lib/modules
7f08ef715000-7f08ef71a000 rw-p 00000000 00:00 0 
7f08ef71a000-7f08ef800000 ---p 00000000 00:00 0 
7f08ef800000-7f08ef89a000 r--p 00000000 08:02 2883685                    /usr/lib/x86_64-linux-gnu/libstdc++.so.6.0.30
7f08ef89a000-7f08ef9ab000 r-xp 0009a000 08:02 2883685                    /usr/lib/x86_64-linux-gnu/libstdc++.so.6.0.30
7f08ef9ab000-7f08efa1a000 r--p 001ab000 08:02 2883685                    /usr/lib/x86_64-linux-gnu/libstdc++.so.6.0.30
7f08efa1a000-7f08efa1b000 ---p 0021a000 08:02 2883685                    /usr/lib/x86_64-linux-gnu/libstdc++.so.6.0.30
7f08efa1b000-7f08efa26000 r--p 0021a000 08:02 2883685                    /usr/lib/x86_64-linux-gnu/libstdc++.so.6.0.30
7f08efa26000-7f08efa29000 rw-p 00225000 08:02 2883685                    /usr/lib/x86_64-linux-gnu/libstdc++.so.6.0.30
7f08efa29000-7f08efa2c000 rw-p 00000000 00:00 0 
7f08efa40000-7f08efc00000 rw-p 00000000 00:00 0 
7f08efc00000-7f08efe51000 r--p 00000000 08:02 3163687                    /usr/lib/jvm/java-17-openjdk-amd64/lib/server/libjvm.so
7f08efe51000-7f08f0bb3000 r-xp 00251000 08:02 3163687                    /usr/lib/jvm/java-17-openjdk-amd64/lib/server/libjvm.so
7f08f0bb3000-7f08f0e35000 r--p 00fb3000 08:02 3163687                    /usr/lib/jvm/java-17-openjdk-amd64/lib/server/libjvm.so
7f08f0e35000-7f08f0eed000 r--p 01234000 08:02 3163687                    /usr/lib/jvm/java-17-openjdk-amd64/lib/server/libjvm.so
7f08f0eed000-7f08f0f22000 rw-p 012ec000 08:02 3163687                    /usr/lib/jvm/java-17-openjdk-amd64/lib/server/libjvm.so
7f08f0f22000-7f08f0f7c000 rw-p 00000000 00:00 0 
7f08f0f99000-7f08f0fd8000 rw-p 00000000 00:00 0 
7f08f0fd8000-7f08f0fe4000 r--p 00000000 08:02 3163659                    /usr/lib/jvm/java-17-openjdk-amd64/lib/libjava.so
7f08f0fe4000-7f08f0ff7000 r-xp 0000c000 08:02 3163659                    /usr/lib/jvm/java-17-openjdk-amd64/lib/libjava.so
7f08f0ff7000-7f08f0ffd000 r--p 0001f000 08:02 3163659                    /usr/lib/jvm/java-17-openjdk-amd64/lib/libjava.so
7f08f0ffd000-7f08f0ffe000 r--p 00024000 08:02 3163659                    /usr/lib/jvm/java-17-openjdk-amd64/lib/libjava.so
7f08f0ffe000-7f08f0fff000 rw-p 00025000 08:02 3163659                    /usr/lib/jvm/java-17-openjdk-amd64/lib/libjava.so
7f08f0fff000-7f08f1000000 rw-p 00000000 00:00 0 
7f08f1000000-7f08f1028000 r--p 00000000 08:02 2884827                    /usr/lib/x86_64-linux-gnu/libc.so.6
7f08f1028000-7f08f11bd000 r-xp 00028000 08:02 2884827                    /usr/lib/x86_64-linux-gnu/libc.so.6
7f08f11bd000-7f08f1215000 r--p 001bd000 08:02 2884827                    /usr/lib/x86_64-linux-gnu/libc.so.6
7f08f1215000-7f08f1219000 r--p 00214000 08:02 2884827                    /usr/lib/x86_64-linux-gnu/libc.so.6
7f08f1219000-7f08f121b000 rw-p 00218000 08:02 2884827                    /usr/lib/x86_64-linux-gnu/libc.so.6
7f08f121b000-7f08f1228000 rw-p 00000000 00:00 0 
7f08f123e000-7f08f1243000 rw-p 00000000 00:00 0 
7f08f1243000-7f08f124a000 ---p 00000000 00:00 0 
7f08f124a000-7f08f124d000 r--p 00000000 08:02 2883600                    /usr/lib/x86_64-linux-gnu/libgcc_s.so.1
7f08f124d000-7f08f1264000 r-xp 00003000 08:02 2883600                    /usr/lib/x86_64-linux-gnu/libgcc_s.so.1
7f08f1264000-7f08f1268000 r--p 0001a000 08:02 2883600                    /usr/lib/x86_64-linux-gnu/libgcc_s.so.1
7f08f1268000-7f08f1269000 r--p 0001d000 08:02 2883600                    /usr/lib/x86_64-linux-gnu/libgcc_s.so.1
7f08f1269000-7f08f126a000 rw-p 0001e000 08:02 2883600                    /usr/lib/x86_64-linux-gnu/libgcc_s.so.1
7f08f126a000-7f08f1278000 r--p 00000000 08:02 2885266                    /usr/lib/x86_64-linux-gnu/libm.so.6
7f08f1278000-7f08f12f4000 r-xp 0000e000 08:02 2885266                    /usr/lib/x86_64-linux-gnu/libm.so.6
7f08f12f4000-7f08f134f000 r--p 0008a000 08:02 2885266                    /usr/lib/x86_64-linux-gnu/libm.so.6
7f08f134f000-7f08f1350000 r--p 000e4000 08:02 2885266                    /usr/lib/x86_64-linux-gnu/libm.so.6
7f08f1350000-7f08f1351000 rw-p 000e5000 08:02 2885266                    /usr/lib/x86_64-linux-gnu/libm.so.6
7f08f1351000-7f08f1354000 rw-p 00000000 00:00 0 
7f08f1354000-7f08f1356000 r--p 00000000 08:02 3163663                    /usr/lib/jvm/java-17-openjdk-amd64/lib/libjli.so
7f08f1356000-7f08f1360000 r-xp 00002000 08:02 3163663                    /usr/lib/jvm/java-17-openjdk-amd64/lib/libjli.so
7f08f1360000-7f08f1363000 r--p 0000c000 08:02 3163663                    /usr/lib/jvm/java-17-openjdk-amd64/lib/libjli.so
7f08f1363000-7f08f1364000 r--p 0000e000 08:02 3163663                    /usr/lib/jvm/java-17-openjdk-amd64/lib/libjli.so
7f08f1364000-7f08f1365000 rw-p 0000f000 08:02 3163663                    /usr/lib/jvm/java-17-openjdk-amd64/lib/libjli.so
7f08f1365000-7f08f1367000 r--p 00000000 08:02 2887400                    /usr/lib/x86_64-linux-gnu/libz.so.1.2.11
7f08f1367000-7f08f1378000 r-xp 00002000 08:02 2887400                    /usr/lib/x86_64-linux-gnu/libz.so.1.2.11
7f08f1378000-7f08f137e000 r--p 00013000 08:02 2887400                    /usr/lib/x86_64-linux-gnu/libz.so.1.2.11
7f08f137e000-7f08f137f000 ---p 00019000 08:02 2887400                    /usr/lib/x86_64-linux-gnu/libz.so.1.2.11
7f08f137f000-7f08f1380000 r--p 00019000 08:02 2887400                    /usr/lib/x86_64-linux-gnu/libz.so.1.2.11
7f08f1380000-7f08f1381000 rw-p 0001a000 08:02 2887400                    /usr/lib/x86_64-linux-gnu/libz.so.1.2.11
7f08f1381000-7f08f1389000 rw-s 00000000 08:02 9568300                    /tmp/hsperfdata_bqrry/19166
7f08f1389000-7f08f138a000 ---p 00000000 00:00 0 
7f08f138a000-7f08f138b000 r--p 00000000 00:00 0 
7f08f138b000-7f08f138d000 r--p 00000000 08:02 3163662                    /usr/lib/jvm/java-17-openjdk-amd64/lib/libjimage.so
7f08f138d000-7f08f1390000 r-xp 00002000 08:02 3163662                    /usr/lib/jvm/java-17-openjdk-amd64/lib/libjimage.so
7f08f1390000-7f08f1391000 r--p 00005000 08:02 3163662                    /usr/lib/jvm/java-17-openjdk-amd64/lib/libjimage.so
7f08f1391000-7f08f1392000 ---p 00006000 08:02 3163662                    /usr/lib/jvm/java-17-openjdk-amd64/lib/libjimage.so
7f08f1392000-7f08f1393000 r--p 00006000 08:02 3163662                    /usr/lib/jvm/java-17-openjdk-amd64/lib/libjimage.so
7f08f1393000-7f08f1394000 rw-p 00007000 08:02 3163662                    /usr/lib/jvm/java-17-openjdk-amd64/lib/libjimage.so
7f08f1394000-7f08f1396000 rw-p 00000000 00:00 0 
7f08f1396000-7f08f1398000 r--p 00000000 08:02 2884255                    /usr/lib/x86_64-linux-gnu/ld-linux-x86-64.so.2
7f08f1398000-7f08f13c2000 r-xp 00002000 08:02 2884255                    /usr/lib/x86_64-linux-gnu/ld-linux-x86-64.so.2
7f08f13c2000-7f08f13cd000 r--p 0002c000 08:02 2884255                    /usr/lib/x86_64-linux-gnu/ld-linux-x86-64.so.2
7f08f13cd000-7f08f13ce000 ---p 00000000 00:00 0 
7f08f13ce000-7f08f13d0000 r--p 00037000 08:02 2884255                    /usr/lib/x86_64-linux-gnu/ld-linux-x86-64.so.2
7f08f13d0000-7f08f13d2000 rw-p 00039000 08:02 2884255                    /usr/lib/x86_64-linux-gnu/ld-linux-x86-64.so.2
7ffd4668f000-7ffd46693000 ---p 00000000 00:00 0 
7ffd46e6d000-7ffd46e8f000 rw-p 00000000 00:00 0                          [stack]
7ffd46fce000-7ffd46fd2000 r--p 00000000 00:00 0                          [vvar]
7ffd46fd2000-7ffd46fd4000 r-xp 00000000 00:00 0                          [vdso]
ffffffffff600000-ffffffffff601000 --xp 00000000 00:00 0                  [vsyscall]


VM Arguments:
java_command: Main
java_class_path (initial): .
Launcher Type: SUN_STANDARD

[Global flags]
     intx CICompilerCount                          = 4                                         {product} {ergonomic}
     uint ConcGCThreads                            = 3                                         {product} {ergonomic}
     uint G1ConcRefinementThreads                  = 10                                        {product} {ergonomic}
   size_t G1HeapRegionSize                         = 4194304                                   {product} {ergonomic}
    uintx GCDrainStackTargetSize                   = 64                                        {product} {ergonomic}
   size_t InitialHeapSize                          = 524288000                                 {product} {ergonomic}
   size_t MarkStackSize                            = 4194304                                   {product} {ergonomic}
   size_t MaxHeapSize                              = 8388608000                                {product} {ergonomic}
   size_t MinHeapDeltaBytes                        = 4194304                                   {product} {ergonomic}
   size_t MinHeapSize                              = 8388608                                   {product} {ergonomic}
    uintx NonNMethodCodeHeapSize                   = 5839372                                {pd product} {ergonomic}
    uintx NonProfiledCodeHeapSize                  = 122909434                              {pd product} {ergonomic}
    uintx ProfiledCodeHeapSize                     = 122909434                              {pd product} {ergonomic}
    uintx ReservedCodeCacheSize                    = 251658240                              {pd product} {ergonomic}
     bool SegmentedCodeCache                       = true                                      {product} {ergonomic}
   size_t SoftMaxHeapSize                          = 8388608000                             {manageable} {ergonomic}
     bool UseCompressedClassPointers               = true                           {product lp64_product} {ergonomic}
     bool UseCompressedOops                        = true                           {product lp64_product} {ergonomic}
     bool UseG1GC                                  = true                                      {product} {ergonomic}

Logging:
Log output configuration:
 #0: stdout all=warning uptime,level,tags
 #1: stderr all=off uptime,level,tags

Environment Variables:
PATH=/home/bqrry/.local/bin:/home/bqrry/.local/bin:/home/bqrry/.nvm/versions/node/v21.2.0/bin:/home/bqrry/.local/bin:/home/bqrry/.local/bin:/usr/local/sbin:/usr/local/bin:/usr/sbin:/usr/bin:/sbin:/bin:/usr/games:/usr/local/games:/snap/bin:/snap/bin
USERNAME=bqrry
SHELL=/bin/bash
DISPLAY=:0
LANG=en_US.UTF-8
LC_NUMERIC=ro_RO.UTF-8
LC_TIME=ro_RO.UTF-8
TERM=xterm-256color

Active Locale:
LC_ALL=C
LC_COLLATE=C
LC_CTYPE=C
LC_MESSAGES=C
LC_MONETARY=C
LC_NUMERIC=C
LC_TIME=C

Signal Handlers:
   SIGSEGV: crash_handler in libjvm.so, mask=11100100010111111101111111111110, flags=SA_RESTART|SA_SIGINFO, unblocked
    SIGBUS: crash_handler in libjvm.so, mask=11100100010111111101111111111110, flags=SA_RESTART|SA_SIGINFO, unblocked
    SIGFPE: crash_handler in libjvm.so, mask=11100100010111111101111111111110, flags=SA_RESTART|SA_SIGINFO, unblocked
   SIGPIPE: javaSignalHandler in libjvm.so, mask=11100100010111111101111111111110, flags=SA_RESTART|SA_SIGINFO, blocked
   SIGXFSZ: javaSignalHandler in libjvm.so, mask=11100100010111111101111111111110, flags=SA_RESTART|SA_SIGINFO, blocked
    SIGILL: crash_handler in libjvm.so, mask=11100100010111111101111111111110, flags=SA_RESTART|SA_SIGINFO, unblocked
   SIGUSR2: SR_handler in libjvm.so, mask=00000000000000000000000000000000, flags=SA_RESTART|SA_SIGINFO, blocked
    SIGHUP: SIG_DFL, mask=00000000000000000000000000000000, flags=none, blocked
    SIGINT: SIG_DFL, mask=00000000000000000000000000000000, flags=none, blocked
   SIGTERM: SIG_DFL, mask=00000000000000000000000000000000, flags=none, blocked
   SIGQUIT: UserHandler in libjvm.so, mask=11100100010111111101111111111110, flags=SA_RESTART|SA_SIGINFO, blocked
   SIGTRAP: crash_handler in libjvm.so, mask=11100100010111111101111111111110, flags=SA_RESTART|SA_SIGINFO, unblocked


Periodic native trim disabled


---------------  S Y S T E M  ---------------

OS:
DISTRIB_ID=Ubuntu
DISTRIB_RELEASE=22.04
DISTRIB_CODENAME=jammy
DISTRIB_DESCRIPTION="Ubuntu 22.04.3 LTS"
uname: Linux 6.2.0-39-generic #40~22.04.1-Ubuntu SMP PREEMPT_DYNAMIC Thu Nov 16 10:53:04 UTC 2 x86_64
OS uptime: 0 days 2:19 hours
libc: glibc 2.35 NPTL 2.35 
rlimit (soft/hard): STACK 8192k/infinity , CORE 0k/infinity , NPROC 1/1 , NOFILE 1048576/1048576 , AS infinity/infinity , CPU infinity/infinity , DATA infinity/infinity , FSIZE infinity/infinity , MEMLOCK 4095640k/4095640k
load average: 1.61 1.07 1.01

/proc/meminfo:
MemTotal:       32765144 kB
MemFree:        17612336 kB
MemAvailable:   23590552 kB
Buffers:          298780 kB
Cached:          6053260 kB
SwapCached:            0 kB
Active:          1843000 kB
Inactive:       12412268 kB
Active(anon):      11640 kB
Inactive(anon):  8048712 kB
Active(file):    1831360 kB
Inactive(file):  4363556 kB
Unevictable:          16 kB
Mlocked:              16 kB
SwapTotal:      31998972 kB
SwapFree:       31998972 kB
Zswap:                 0 kB
Zswapped:              0 kB
Dirty:              3212 kB
Writeback:             0 kB
AnonPages:       7903476 kB
Mapped:          2170360 kB
Shmem:            163708 kB
KReclaimable:     250276 kB
Slab:             484904 kB
SReclaimable:     250276 kB
SUnreclaim:       234628 kB
KernelStack:       32496 kB
PageTables:        73592 kB
SecPageTables:         0 kB
NFS_Unstable:          0 kB
Bounce:                0 kB
WritebackTmp:          0 kB
CommitLimit:    48381544 kB
Committed_AS:   17106184 kB
VmallocTotal:   34359738367 kB
VmallocUsed:       89648 kB
VmallocChunk:          0 kB
Percpu:            18048 kB
HardwareCorrupted:     0 kB
AnonHugePages:         0 kB
ShmemHugePages:        0 kB
ShmemPmdMapped:        0 kB
FileHugePages:         0 kB
FilePmdMapped:         0 kB
HugePages_Total:       0
HugePages_Free:        0
HugePages_Rsvd:        0
HugePages_Surp:        0
Hugepagesize:       2048 kB
Hugetlb:               0 kB
DirectMap4k:      317948 kB
DirectMap2M:    11124736 kB
DirectMap1G:    23068672 kB

/sys/kernel/mm/transparent_hugepage/enabled: always [madvise] never
/sys/kernel/mm/transparent_hugepage/defrag (defrag/compaction efforts parameter): always defer defer+madvise [madvise] never

Process Memory:
Virtual Size: 8913228K (peak: 8913228K)
Resident Set Size: 19456K (peak: 19456K) (anon: 6144K, file: 13312K, shmem: 0K)
Swapped out: 0K
C-Heap outstanding allocations: 15233K, retained: 86K
glibc malloc tunables: (default)

/proc/sys/kernel/threads-max (system-wide limit on the number of threads): 255380
/proc/sys/vm/max_map_count (maximum number of memory map areas a process may have): 65530
/proc/sys/kernel/pid_max (system-wide limit on number of process identifiers): 4194304

container (cgroup) information:
container_type: cgroupv2
cpu_cpuset_cpus: not supported
cpu_memory_nodes: not supported
active_processor_count: 12
cpu_quota: not supported
cpu_period: not supported
cpu_shares: not supported
memory_limit_in_bytes: unlimited
memory_and_swap_limit_in_bytes: unlimited
memory_soft_limit_in_bytes: unlimited
memory_usage_in_bytes: 984512 k
memory_max_usage_in_bytes: not supported
memory_swap_current_in_bytes: unlimited
memory_swap_max_limit_in_bytes: unlimited
maximum number of tasks: 38307
current number of tasks: 200

Steal ticks since vm start: 0
Steal ticks percentage since vm start:  0.000

CPU: total 12 (initial active 12) (6 cores per cpu, 2 threads per core) family 6 model 158 stepping 10 microcode 0xf4, cx8, cmov, fxsr, ht, mmx, 3dnowpref, sse, sse2, sse3, ssse3, sse4.1, sse4.2, popcnt, lzcnt, tsc, tscinvbit, avx, avx2, aes, erms, clmul, bmi1, bmi2, adx, fma, vzeroupper, clflush, clflushopt
CPU Model and flags from /proc/cpuinfo:
model name	: Intel(R) Core(TM) i7-9750H CPU @ 2.60GHz
flags		: fpu vme de pse tsc msr pae mce cx8 apic sep mtrr pge mca cmov pat pse36 clflush dts acpi mmx fxsr sse sse2 ss ht tm pbe syscall nx pdpe1gb rdtscp lm constant_tsc art arch_perfmon pebs bts rep_good nopl xtopology nonstop_tsc cpuid aperfmperf pni pclmulqdq dtes64 monitor ds_cpl vmx est tm2 ssse3 sdbg fma cx16 xtpr pdcm pcid sse4_1 sse4_2 x2apic movbe popcnt tsc_deadline_timer aes xsave avx f16c rdrand lahf_lm abm 3dnowprefetch cpuid_fault epb invpcid_single pti ssbd ibrs ibpb stibp tpr_shadow vnmi flexpriority ept vpid ept_ad fsgsbase tsc_adjust bmi1 avx2 smep bmi2 erms invpcid mpx rdseed adx smap clflushopt intel_pt xsaveopt xsavec xgetbv1 xsaves dtherm ida arat pln pts hwp hwp_notify hwp_act_window hwp_epp md_clear flush_l1d arch_capabilities

Online cpus: 0-11
Offline cpus: 
BIOS frequency limitation: <Not Available>
Frequency switch latency (ns): 0
Available cpu frequencies: <Not Available>
Current governor: powersave
Core performance/turbo boost: <Not Available>

Memory: 4k page, physical 32765144k(17611832k free), swap 31998972k(31998972k free)
Page Sizes: 4k

vm_info: OpenJDK 64-Bit Server VM (17.0.9+9-Ubuntu-122.04) for linux-amd64 JRE (17.0.9+9-Ubuntu-122.04), built on Oct 19 2023 08:37:02 by "buildd" with gcc 11.4.0

END.
